Arguments: 
  /home/thiago/.nvm/versions/node/v8.5.0/bin/node /usr/share/yarn/bin/yarn.js add typesorm

PATH: 
  /home/thiago/.nvm/versions/node/v8.5.0/bin:/usr/local/sbin:/usr/local/bin:/usr/sbin:/usr/bin:/sbin:/bin:/usr/games:/usr/local/games:/home/thiago/.yarn/bin

Yarn version: 
  1.9.2

Node version: 
  8.5.0

Platform: 
  linux x64

Trace: 
  Error: https://registry.yarnpkg.com/typesorm: Not found
      at Request.params.callback [as _callback] (/usr/share/yarn/lib/cli.js:64150:18)
      at Request.self.callback (/usr/share/yarn/lib/cli.js:137416:22)
      at emitTwo (events.js:125:13)
      at Request.emit (events.js:213:7)
      at Request.<anonymous> (/usr/share/yarn/lib/cli.js:138388:10)
      at emitOne (events.js:115:13)
      at Request.emit (events.js:210:7)
      at IncomingMessage.<anonymous> (/usr/share/yarn/lib/cli.js:138310:12)
      at Object.onceWrapper (events.js:314:30)
      at emitNone (events.js:110:20)

npm manifest: 
  {
    "name": "api-homework",
    "version": "1.0.0",
    "description": "API Game  tic tac toe",
    "main": "index.js",
    "repository": "https://github.com/ThiagoFazzi/tic-tac-toe-typescript-api",
    "author": "Thiago Fazzi",
    "license": "MIT",
    "dependencies": {
      "typescript": "^3.0.3"
    }
  }

yarn manifest: 
  No manifest

Lockfile: 
  # THIS IS AN AUTOGENERATED FILE. DO NOT EDIT THIS FILE DIRECTLY.
  # yarn lockfile v1
  
  
  typescript@^3.0.3:
    version "3.0.3"
    resolved "https://registry.yarnpkg.com/typescript/-/typescript-3.0.3.tgz#4853b3e275ecdaa27f78fda46dc273a7eb7fc1c8"
